<?xml version="1.0" encoding="UTF-8"?>
<!-- Generated by org.testng.reporters.JUnitReportReporter -->
<testsuite hostname="SachinMayuri" failures="0" tests="1" name="com.api.tests.LoginAPITest" time="0.225" errors="0" timestamp="2025-01-02T11:38:40 IST" skipped="0">
  <testcase classname="com.api.tests.LoginAPITest" name="Logintest" time="0.225"/>
</testsuite> <!-- com.api.tests.LoginAPITest -->
