<?xml version="1.0" encoding="UTF-8"?>
<!-- Generated by org.testng.reporters.JUnitReportReporter -->
<testsuite hostname="SachinMayuri" failures="0" tests="1" name="com.api.tests.ForgotPasswordTest" time="4.519" errors="0" timestamp="2024-12-28T21:28:39 IST" skipped="0">
  <testcase classname="com.api.tests.ForgotPasswordTest" name="forgorPasswordTest" time="4.519"/>
</testsuite> <!-- com.api.tests.ForgotPasswordTest -->
