<?xml version="1.0" encoding="UTF-8"?>
<!-- Generated by org.testng.reporters.JUnitReportReporter -->
<testsuite hostname="SachinMayuri" failures="0" tests="1" name="com.api.tests.AccountCreationTest" time="3.199" errors="0" timestamp="2025-01-05T23:23:09 IST" skipped="0">
  <testcase classname="com.api.tests.AccountCreationTest" name="createdAccountTest" time="3.199"/>
</testsuite> <!-- com.api.tests.AccountCreationTest -->
