<?xml version="1.0" encoding="UTF-8"?>
<!-- Generated by org.testng.reporters.JUnitReportReporter -->
<testsuite hostname="SachinMayuri" failures="0" tests="1" name="com.api.tests.UpdateProfileTest" time="2.677" errors="0" timestamp="2024-12-29T00:08:49 IST" skipped="0">
  <testcase classname="com.api.tests.UpdateProfileTest" name="getProfileInfoTest" time="2.677"/>
</testsuite> <!-- com.api.tests.UpdateProfileTest -->
