<?xml version="1.0" encoding="UTF-8"?>
<!-- Generated by org.testng.reporters.JUnitReportReporter -->
<testsuite hostname="SachinMayuri" failures="0" tests="1" name="com.api.tests.LoginAPITest2" time="6.406" errors="0" timestamp="2025-01-05T23:21:58 IST" skipped="0">
  <testcase classname="com.api.tests.LoginAPITest2" name="Logintest" time="6.406"/>
</testsuite> <!-- com.api.tests.LoginAPITest2 -->
