<?xml version="1.0" encoding="UTF-8"?>
<!-- Generated by org.testng.reporters.JUnitReportReporter -->
<testsuite hostname="SachinMayuri" failures="0" tests="1" name="com.api.tests.LoginAPITest3" time="2.348" errors="0" timestamp="2024-12-28T17:39:48 IST" skipped="0">
  <testcase classname="com.api.tests.LoginAPITest3" name="Logintest" time="2.348"/>
</testsuite> <!-- com.api.tests.LoginAPITest3 -->
